[2025-08-19 16:05:02] Falha em imports iniciais:
[2025-08-19 16:05:02] Traceback (most recent call last):
  File "C:\Users\TCastro\Desktop\pokemon-bot\gui_control.pyw", line 31, in <module>
    import keyboard
ModuleNotFoundError: No module named 'keyboard'

[2025-08-19 16:05:09] Falha em imports iniciais:
[2025-08-19 16:05:09] Traceback (most recent call last):
  File "C:\Users\TCastro\Desktop\pokemon-bot\gui_control.pyw", line 31, in <module>
    import keyboard
ModuleNotFoundError: No module named 'keyboard'

[2025-08-26 21:53:25] [INFO] GUI iniciado
[2025-08-26 21:53:36] [INFO] GUI a fechar
[2025-08-27 02:06:37] [INFO] GUI iniciado
[2025-08-27 02:06:49] [INFO] Start: C:\Users\TCastro\Desktop\pokemon-bot\.venv\Scripts\python.exe C:\Users\TCastro\Desktop\pokemon-bot\bot_pokemon.py
[2025-08-27 02:06:50] [INFO] Bot em execução
[2025-08-27 02:07:07] [INFO] F10 enviado (Pause/Resume)
[2025-08-27 02:08:05] [INFO] F10 enviado (Pause/Resume)
[2025-08-27 02:08:58] [INFO] F10 enviado (Pause/Resume)
[2025-08-27 02:09:17] [INFO] F10 enviado (Pause/Resume)
[2025-08-27 02:10:34] [INFO] F12 enviado (Stop)
[2025-08-27 02:10:35] [INFO] Bot parado
[2025-08-27 02:18:08] [INFO] GUI a fechar
[2025-08-27 02:18:13] [INFO] GUI iniciado
[2025-08-27 02:18:15] [INFO] Start: C:\Users\TCastro\Desktop\pokemon-bot\.venv\Scripts\python.exe C:\Users\TCastro\Desktop\pokemon-bot\bot_pokemon.py
[2025-08-27 02:18:16] [INFO] Bot terminou imediatamente (RC=1)
[2025-08-27 02:19:48] [INFO] GUI a fechar
[2025-08-27 02:19:51] [INFO] GUI iniciado
[2025-08-27 02:19:58] [INFO] Start: C:\Users\TCastro\Desktop\pokemon-bot\.venv\Scripts\python.exe C:\Users\TCastro\Desktop\pokemon-bot\bot_pokemon.py
[2025-08-27 02:19:59] [INFO] Bot em execução
[2025-08-27 02:20:17] [INFO] F10 enviado (Pause/Resume)
[2025-08-27 02:20:35] [INFO] F10 enviado (Pause/Resume)
[2025-08-27 02:21:07] [INFO] F10 enviado (Pause/Resume)
[2025-08-27 02:26:37] [INFO] GUI a fechar
[2025-08-27 02:26:37] [INFO] F12 enviado (Stop)
[2025-08-27 02:26:37] [INFO] Bot parado
[2025-08-27 02:26:40] [INFO] GUI iniciado
[2025-08-27 02:26:49] [INFO] Start: C:\Users\TCastro\Desktop\pokemon-bot\.venv\Scripts\python.exe C:\Users\TCastro\Desktop\pokemon-bot\bot_pokemon.py
[2025-08-27 02:26:50] [INFO] Bot em execução
[2025-08-27 02:28:24] [INFO] F12 enviado (Stop)
[2025-08-27 02:28:25] [INFO] Bot parado
[2025-08-27 02:29:07] [INFO] Start: C:\Users\TCastro\Desktop\pokemon-bot\.venv\Scripts\python.exe C:\Users\TCastro\Desktop\pokemon-bot\bot_pokemon.py
[2025-08-27 02:29:08] [INFO] Bot em execução
[2025-08-27 02:29:59] [INFO] F12 enviado (Stop)
[2025-08-27 02:30:02] [INFO] Bot parado
[2025-08-27 02:34:19] [INFO] GUI a fechar
[2025-08-27 02:47:50] [INFO] GUI iniciado
[2025-08-27 02:47:56] [INFO] Start: C:\Users\TCastro\Desktop\pokemon-bot\.venv\Scripts\python.exe C:\Users\TCastro\Desktop\pokemon-bot\bot_pokemon.py
[2025-08-27 02:47:57] [INFO] Bot em execução
[2025-08-27 02:49:19] [INFO] F12 enviado (Stop)
[2025-08-27 02:49:20] [INFO] Bot parado
[2025-08-27 02:55:53] [INFO] GUI a fechar
[2025-08-27 02:56:36] [INFO] GUI iniciado
[2025-08-27 02:56:38] [INFO] Start: C:\Users\TCastro\Desktop\pokemon-bot\.venv\Scripts\python.exe C:\Users\TCastro\Desktop\pokemon-bot\bot_pokemon.py
[2025-08-27 02:56:39] [INFO] Bot terminou imediatamente (RC=1)
[2025-08-27 02:56:46] [INFO] GUI a fechar
[2025-08-27 03:23:34] [INFO] GUI iniciado
[2025-08-27 03:23:36] [INFO] Start: C:\Users\TCastro\Desktop\pokemon-bot\.venv\Scripts\python.exe C:\Users\TCastro\Desktop\pokemon-bot\bot_pokemon.py
[2025-08-27 03:23:37] [INFO] Bot em execução
[2025-08-27 03:23:39] [INFO] F12 enviado (Stop)
[2025-08-27 03:23:39] [INFO] Bot parado
[2025-08-27 03:25:07] [INFO] Start: C:\Users\TCastro\Desktop\pokemon-bot\.venv\Scripts\python.exe C:\Users\TCastro\Desktop\pokemon-bot\bot_pokemon.py
[2025-08-27 03:25:08] [INFO] Bot em execução
[2025-08-27 03:25:21] [INFO] F12 enviado (Stop)
[2025-08-27 03:25:21] [INFO] Bot parado
[2025-08-27 03:26:30] [INFO] Start: C:\Users\TCastro\Desktop\pokemon-bot\.venv\Scripts\python.exe C:\Users\TCastro\Desktop\pokemon-bot\bot_pokemon.py
[2025-08-27 03:26:31] [INFO] Bot em execução
[2025-08-27 03:26:47] [INFO] F10 enviado (Pause/Resume)
[2025-08-27 03:34:15] [INFO] GUI a fechar
[2025-08-27 03:34:15] [INFO] F12 enviado (Stop)
[2025-08-27 03:34:15] [INFO] Bot parado
[2025-08-27 03:34:20] [INFO] GUI iniciado
[2025-08-27 03:34:23] [INFO] Start: C:\Users\TCastro\Desktop\pokemon-bot\.venv\Scripts\python.exe C:\Users\TCastro\Desktop\pokemon-bot\bot_pokemon.py
[2025-08-27 03:34:24] [INFO] Bot em execução
[2025-08-27 03:38:20] [INFO] F12 enviado (Stop)
[2025-08-27 03:38:22] [INFO] Bot parado
[2025-08-27 03:42:27] [INFO] GUI a fechar
[2025-08-27 03:42:33] [INFO] GUI iniciado
[2025-08-27 03:42:35] [INFO] Start: C:\Users\TCastro\Desktop\pokemon-bot\.venv\Scripts\python.exe C:\Users\TCastro\Desktop\pokemon-bot\bot_pokemon.py
[2025-08-27 03:42:36] [INFO] Bot em execução
[2025-08-27 03:42:58] [INFO] F12 enviado (Stop)
[2025-08-27 03:43:00] [INFO] Bot parado
[2025-08-27 03:43:16] [INFO] GUI a fechar
[2025-08-27 03:43:18] [INFO] GUI iniciado
[2025-08-27 03:43:23] [INFO] Start: C:\Users\TCastro\Desktop\pokemon-bot\.venv\Scripts\python.exe C:\Users\TCastro\Desktop\pokemon-bot\bot_pokemon.py
[2025-08-27 03:43:24] [INFO] Bot em execução
[2025-08-27 03:43:41] [INFO] F12 enviado (Stop)
[2025-08-27 03:43:43] [INFO] Bot parado
[2025-08-27 03:51:28] [INFO] GUI iniciado
[2025-08-27 03:51:32] [INFO] GUI a fechar
[2025-08-27 03:51:33] [INFO] GUI iniciado
[2025-08-27 03:51:34] [INFO] Start: C:\Users\TCastro\Desktop\pokemon-bot\.venv\Scripts\python.exe C:\Users\TCastro\Desktop\pokemon-bot\bot_pokemon.py
[2025-08-27 03:51:35] [INFO] Bot em execução
[2025-08-27 03:51:53] [INFO] F12 enviado (Stop)
[2025-08-27 03:51:55] [INFO] Bot parado
[2025-08-27 03:55:09] [INFO] GUI a fechar
[2025-08-27 03:55:10] [INFO] GUI a fechar
[2025-08-27 03:55:13] [INFO] GUI iniciado
[2025-08-27 03:55:32] [INFO] Start: C:\Users\TCastro\Desktop\pokemon-bot\.venv\Scripts\python.exe C:\Users\TCastro\Desktop\pokemon-bot\bot_pokemon.py
[2025-08-27 03:55:33] [INFO] Bot em execução
[2025-08-27 03:55:33] [INFO] F10 enviado (Pause/Resume)
[2025-08-27 03:55:46] [INFO] F10 enviado (Pause/Resume)
[2025-08-27 03:56:58] [INFO] GUI a fechar
[2025-08-27 03:56:58] [INFO] Bot parado
[2025-08-27 03:57:32] [INFO] GUI iniciado
[2025-08-27 03:57:35] [INFO] Start: C:\Users\TCastro\Desktop\pokemon-bot\.venv\Scripts\python.exe C:\Users\TCastro\Desktop\pokemon-bot\bot_pokemon.py
[2025-08-27 03:57:35] [INFO] F10 enviado (Pause/Resume)
[2025-08-27 03:57:37] [INFO] Bot em execução
[2025-08-27 03:57:47] [INFO] F10 enviado (Pause/Resume)
[2025-08-27 03:58:15] [INFO] F12 enviado (Stop)
[2025-08-27 03:58:16] [INFO] Bot parado
[2025-08-27 04:06:51] [INFO] GUI a fechar
[2025-08-27 04:10:55] [INFO] GUI iniciado
[2025-08-27 04:11:00] [INFO] Start: C:\Users\TCastro\Desktop\pokemon-bot\.venv\Scripts\python.exe C:\Users\TCastro\Desktop\pokemon-bot\bot_pokemon.py
[2025-08-27 04:11:01] [INFO] Bot em execução
[2025-08-27 04:11:16] [INFO] F12 enviado (Stop)
[2025-08-27 04:11:17] [INFO] Bot parado
[2025-08-27 04:16:02] [INFO] GUI a fechar
[2025-08-27 04:16:04] [INFO] GUI iniciado
[2025-08-27 04:16:10] [INFO] Start: C:\Users\TCastro\Desktop\pokemon-bot\.venv\Scripts\python.exe C:\Users\TCastro\Desktop\pokemon-bot\bot_pokemon.py
[2025-08-27 04:16:11] [INFO] Bot em execução
[2025-08-27 04:18:01] [INFO] F12 enviado (Stop)
[2025-08-27 04:18:04] [INFO] terminate() chamado
[2025-08-27 04:18:04] [INFO] Bot parado
[2025-08-27 04:20:35] [INFO] GUI a fechar
[2025-08-27 05:01:53] [INFO] GUI iniciado
[2025-08-27 05:02:01] [INFO] Start: C:\Users\TCastro\Desktop\pokemon-bot\.venv\Scripts\python.exe C:\Users\TCastro\Desktop\pokemon-bot\bot_pokemon.py
[2025-08-27 05:02:02] [INFO] Bot em execução
[2025-08-27 05:02:18] [INFO] F10 enviado (Pause/Resume)
[2025-08-27 05:02:27] [INFO] F10 enviado (Pause/Resume)
[2025-08-27 05:03:28] [INFO] F10 enviado (Pause/Resume)
[2025-08-27 05:03:49] [INFO] F10 enviado (Pause/Resume)
[2025-08-27 05:04:03] [INFO] F10 enviado (Pause/Resume)
[2025-08-27 05:05:13] [INFO] F10 enviado (Pause/Resume)
[2025-08-27 05:05:22] [INFO] F10 enviado (Pause/Resume)
[2025-08-27 05:05:26] [INFO] F10 enviado (Pause/Resume)
[2025-08-27 05:05:50] [INFO] F12 enviado (Stop)
[2025-08-27 05:05:53] [INFO] terminate() chamado
[2025-08-27 05:05:53] [INFO] Bot parado
[2025-08-27 05:05:53] [INFO] GUI a fechar
[2025-08-27 05:06:41] [INFO] GUI iniciado
[2025-08-27 05:06:53] [INFO] Start: C:\Users\TCastro\Desktop\pokemon-bot\.venv\Scripts\python.exe C:\Users\TCastro\Desktop\pokemon-bot\bot_pokemon.py
[2025-08-27 05:06:54] [INFO] Bot em execução
[2025-08-27 05:08:18] [INFO] F12 enviado (Stop)
[2025-08-27 05:08:19] [INFO] Bot parado
[2025-08-27 05:08:35] [INFO] Start: C:\Users\TCastro\Desktop\pokemon-bot\.venv\Scripts\python.exe C:\Users\TCastro\Desktop\pokemon-bot\bot_pokemon.py
[2025-08-27 05:08:36] [INFO] Bot em execução
[2025-08-27 07:55:31] [INFO] F10 enviado (Pause/Resume)
[2025-08-27 07:55:48] [INFO] F10 enviado (Pause/Resume)
[2025-08-27 10:05:35] [INFO] F10 enviado (Pause/Resume)
[2025-08-27 10:05:44] [INFO] F10 enviado (Pause/Resume)
[2025-08-27 10:05:48] [INFO] F12 enviado (Stop)
[2025-08-27 10:05:51] [INFO] terminate() chamado
[2025-08-27 10:05:51] [INFO] Bot parado
[2025-08-27 10:07:19] [INFO] Start: C:\Users\TCastro\Desktop\pokemon-bot\.venv\Scripts\python.exe C:\Users\TCastro\Desktop\pokemon-bot\bot_pokemon.py
[2025-08-27 10:07:20] [INFO] Bot em execução
[2025-08-27 10:07:32] [INFO] F12 enviado (Stop)
[2025-08-27 10:07:35] [INFO] terminate() chamado
[2025-08-27 10:07:35] [INFO] Bot parado
[2025-08-27 11:03:19] [INFO] GUI a fechar
[2025-08-27 11:03:35] [INFO] GUI iniciado
[2025-08-27 11:10:36] [INFO] Start: C:\Users\TCastro\Desktop\pokemon-bot\.venv\Scripts\python.exe C:\Users\TCastro\Desktop\pokemon-bot\bot_pokemon.py
[2025-08-27 11:10:37] [INFO] Bot em execução
[2025-08-27 11:11:27] [INFO] F12 enviado (Stop)
[2025-08-27 11:11:27] [INFO] Bot parado
[2025-08-27 11:13:24] [INFO] GUI a fechar
[2025-08-27 11:15:50] [INFO] GUI iniciado
[2025-08-27 11:17:55] [INFO] Start: C:\Users\TCastro\Desktop\pokemon-bot\.venv\Scripts\python.exe C:\Users\TCastro\Desktop\pokemon-bot\bot_pokemon.py
[2025-08-27 11:17:56] [INFO] Bot em execução
[2025-08-27 11:18:36] [INFO] F10 enviado (Pause/Resume)
[2025-08-27 11:26:10] [INFO] GUI a fechar
[2025-08-27 11:26:10] [INFO] F12 enviado (Stop)
[2025-08-27 11:26:10] [INFO] Bot parado
[2025-08-27 11:33:16] [INFO] GUI iniciado
[2025-08-27 11:33:23] [INFO] Start: C:\Users\TCastro\Desktop\pokemon-bot\.venv\Scripts\python.exe C:\Users\TCastro\Desktop\pokemon-bot\bot_pokemon.py
[2025-08-27 11:33:24] [INFO] Bot em execução
[2025-08-27 11:35:46] [INFO] F12 enviado (Stop)
[2025-08-27 11:35:46] [INFO] Bot parado
[2025-08-27 11:44:07] [INFO] GUI a fechar
[2025-08-27 13:12:19] [INFO] GUI iniciado
[2025-08-27 13:12:29] [INFO] Start: C:\Users\TCastro\Desktop\pokemon-bot\.venv\Scripts\python.exe C:\Users\TCastro\Desktop\pokemon-bot\bot_pokemon.py
[2025-08-27 13:12:30] [INFO] Bot em execução
[2025-08-27 13:12:33] [INFO] F12 enviado (Stop)
[2025-08-27 13:12:33] [INFO] Bot parado
[2025-08-27 13:12:39] [INFO] GUI a fechar
[2025-08-27 20:16:11] [INFO] GUI iniciado
[2025-08-27 20:16:14] [INFO] Start: C:\Users\TCastro\Desktop\pokemon-bot\.venv\Scripts\python.exe C:\Users\TCastro\Desktop\pokemon-bot\bot_pokemon.py
[2025-08-27 20:16:15] [INFO] Bot em execução
[2025-08-27 20:32:02] [INFO] F10 enviado (Pause/Resume)
[2025-08-27 20:47:38] [INFO] GUI a fechar
[2025-08-27 20:47:38] [INFO] F12 enviado (Stop)
[2025-08-27 20:47:38] [INFO] Bot parado
[2025-08-27 20:47:41] [INFO] GUI iniciado
[2025-08-27 20:47:46] [INFO] Start: C:\Users\TCastro\Desktop\pokemon-bot\.venv\Scripts\python.exe C:\Users\TCastro\Desktop\pokemon-bot\bot_pokemon.py
[2025-08-27 20:47:47] [INFO] Bot em execução
[2025-08-27 20:47:57] [INFO] F10 enviado (Pause/Resume)
[2025-08-27 20:48:19] [INFO] F10 enviado (Pause/Resume)
[2025-08-27 21:50:51] [INFO] F12 enviado (Stop)
[2025-08-27 21:50:52] [INFO] Bot parado
[2025-08-27 22:27:59] [INFO] GUI a fechar
[2025-08-27 23:49:36] [INFO] GUI iniciado
[2025-08-27 23:49:38] [INFO] Start: C:\Users\TCastro\Desktop\pokemon-bot\.venv\Scripts\python.exe C:\Users\TCastro\Desktop\pokemon-bot\bot_pokemon.py
[2025-08-27 23:49:39] [INFO] Bot em execução
[2025-08-28 00:58:21] [INFO] F12 enviado (Stop)
[2025-08-28 00:58:22] [INFO] Bot parado
[2025-08-28 01:33:43] [INFO] GUI a fechar
[2025-08-28 01:58:52] [INFO] GUI iniciado
[2025-08-28 01:59:28] [INFO] Start: C:\Users\TCastro\Desktop\pokemon-bot\.venv\Scripts\python.exe C:\Users\TCastro\Desktop\pokemon-bot\bot_pokemon.py
[2025-08-28 01:59:29] [INFO] Bot em execução
[2025-08-28 02:00:04] [INFO] F12 enviado (Stop)
[2025-08-28 02:00:05] [INFO] Bot parado
[2025-08-28 03:35:24] [INFO] GUI a fechar
[2025-08-28 03:36:31] [INFO] GUI iniciado
[2025-08-28 03:36:39] [INFO] Start: C:\Users\TCastro\Desktop\pokemon-bot\.venv\Scripts\python.exe C:\Users\TCastro\Desktop\pokemon-bot\bot_pokemon.py
[2025-08-28 03:36:40] [INFO] Bot em execução
[2025-08-28 03:37:43] [INFO] F10 enviado (Pause/Resume)
[2025-08-28 03:38:29] [INFO] F10 enviado (Pause/Resume)
[2025-08-28 03:38:52] [INFO] F10 enviado (Pause/Resume)
[2025-08-28 03:38:55] [INFO] GUI a fechar
[2025-08-28 03:38:55] [INFO] F12 enviado (Stop)
[2025-08-28 03:38:55] [INFO] Bot parado
[2025-08-28 03:40:14] [INFO] GUI iniciado
[2025-08-28 03:40:17] [INFO] Start: C:\Users\TCastro\Desktop\pokemon-bot\.venv\Scripts\python.exe C:\Users\TCastro\Desktop\pokemon-bot\bot_pokemon.py
[2025-08-28 03:40:18] [INFO] Bot em execução
[2025-08-28 03:41:18] [INFO] F10 enviado (Pause/Resume)
[2025-08-28 03:43:03] [INFO] GUI a fechar
[2025-08-28 03:43:03] [INFO] F12 enviado (Stop)
[2025-08-28 03:43:03] [INFO] Bot parado
[2025-08-28 03:43:08] [INFO] GUI iniciado
[2025-08-28 03:43:18] [INFO] Start: C:\Users\TCastro\Desktop\pokemon-bot\.venv\Scripts\python.exe C:\Users\TCastro\Desktop\pokemon-bot\bot_pokemon.py
[2025-08-28 03:43:19] [INFO] Bot em execução
[2025-08-28 03:48:35] [INFO] F12 enviado (Stop)
[2025-08-28 03:48:38] [INFO] terminate() chamado
[2025-08-28 03:48:38] [INFO] Bot parado
[2025-08-28 03:50:59] [INFO] GUI a fechar
[2025-08-28 03:51:02] [INFO] GUI iniciado
[2025-08-28 03:51:14] [INFO] GUI a fechar
[2025-08-28 03:51:17] [INFO] GUI iniciado
[2025-08-28 03:51:19] [INFO] Start: C:\Users\TCastro\Desktop\pokemon-bot\.venv\Scripts\python.exe C:\Users\TCastro\Desktop\pokemon-bot\bot_pokemon.py
[2025-08-28 03:51:20] [INFO] Bot em execução
[2025-08-28 03:52:20] [INFO] F12 enviado (Stop)
[2025-08-28 03:52:21] [INFO] Bot parado
[2025-08-28 03:52:31] [INFO] Start: C:\Users\TCastro\Desktop\pokemon-bot\.venv\Scripts\python.exe C:\Users\TCastro\Desktop\pokemon-bot\bot_pokemon.py
[2025-08-28 03:52:32] [INFO] Bot em execução
[2025-08-28 09:17:39] [INFO] F12 enviado (Stop)
[2025-08-28 09:17:39] [INFO] Bot parado
[2025-08-28 09:44:00] [INFO] GUI a fechar
[2025-08-28 17:46:25] [INFO] GUI iniciado
[2025-08-28 17:47:56] [INFO] Start: C:\Users\TCastro\Desktop\pokemon-bot_v1\.venv\Scripts\python.exe C:\Users\TCastro\Desktop\pokemon-bot_v1\bot_pokemon.py
[2025-08-28 17:47:57] [INFO] Bot em execução
[2025-08-28 18:41:52] [INFO] F12 enviado (Stop)
[2025-08-28 18:41:53] [INFO] Bot parado
[2025-08-28 18:44:23] [INFO] GUI a fechar
[2025-08-28 18:44:28] [INFO] GUI iniciado
[2025-08-28 18:44:35] [INFO] Start: C:\Users\TCastro\Desktop\pokemon-bot_v1\.venv\Scripts\python.exe C:\Users\TCastro\Desktop\pokemon-bot_v1\bot_pokemon.py
[2025-08-28 18:44:36] [INFO] Bot em execução
[2025-08-28 18:45:01] [INFO] F10 enviado (Pause/Resume)
[2025-08-28 18:45:10] [INFO] F10 enviado (Pause/Resume)
[2025-08-28 20:30:18] [INFO] F10 enviado (Pause/Resume)
[2025-08-28 20:59:10] [INFO] GUI a fechar
[2025-08-28 20:59:10] [INFO] F12 enviado (Stop)
[2025-08-28 20:59:10] [INFO] Bot parado
[2025-08-28 22:51:01] [INFO] GUI iniciado
[2025-08-28 22:51:27] [INFO] Start: C:\Users\TCastro\Desktop\pokemon-bot_v1\.venv\Scripts\python.exe C:\Users\TCastro\Desktop\pokemon-bot_v1\bot_pokemon.py
[2025-08-28 22:51:28] [INFO] Bot em execução
[2025-08-28 22:51:41] [INFO] F10 enviado (Pause/Resume)
[2025-08-28 22:52:28] [INFO] F10 enviado (Pause/Resume)
[2025-08-28 22:52:55] [INFO] F10 enviado (Pause/Resume)
[2025-08-28 22:53:02] [INFO] F10 enviado (Pause/Resume)
[2025-08-29 00:33:06] [INFO] F10 enviado (Pause/Resume)
[2025-08-29 00:41:02] [INFO] GUI a fechar
[2025-08-29 00:41:02] [INFO] F12 enviado (Stop)
[2025-08-29 00:41:02] [INFO] Bot parado
[2025-08-29 03:54:33] [INFO] GUI iniciado
[2025-08-29 03:55:29] [INFO] Start: C:\Users\TCastro\Desktop\pokemon-bot_v1\.venv\Scripts\python.exe C:\Users\TCastro\Desktop\pokemon-bot_v1\bot_pokemon.py
[2025-08-29 03:55:30] [INFO] Bot em execução
[2025-08-29 09:06:28] [INFO] F10 enviado (Pause/Resume)
[2025-08-29 09:08:55] [INFO] GUI a fechar
[2025-08-29 09:08:55] [INFO] F12 enviado (Stop)
[2025-08-29 09:08:55] [INFO] Bot parado
[2025-08-29 23:53:55] [INFO] GUI iniciado
[2025-08-29 23:54:00] [INFO] Start: C:\Users\TCastro\Desktop\pokemon-bot_v1\.venv\Scripts\python.exe C:\Users\TCastro\Desktop\pokemon-bot_v1\bot_pokemon.py
[2025-08-29 23:54:01] [INFO] Bot em execução
[2025-08-29 23:54:13] [INFO] F10 enviado (Pause/Resume)
[2025-08-29 23:55:35] [INFO] F10 enviado (Pause/Resume)
[2025-08-29 23:56:44] [INFO] F10 enviado (Pause/Resume)
[2025-08-29 23:56:52] [INFO] F10 enviado (Pause/Resume)
[2025-08-29 23:57:11] [INFO] GUI a fechar
[2025-08-29 23:57:11] [INFO] F12 enviado (Stop)
[2025-08-29 23:57:11] [INFO] Bot parado
[2025-08-29 23:57:15] [INFO] GUI iniciado
[2025-08-29 23:57:18] [INFO] Start: C:\Users\TCastro\Desktop\pokemon-bot_v1\.venv\Scripts\python.exe C:\Users\TCastro\Desktop\pokemon-bot_v1\bot_pokemon.py
[2025-08-29 23:57:19] [INFO] Bot em execução
[2025-08-29 23:57:20] [INFO] F10 enviado (Pause/Resume)
[2025-08-29 23:59:01] [INFO] F10 enviado (Pause/Resume)
[2025-08-29 23:59:17] [INFO] F10 enviado (Pause/Resume)
[2025-08-30 00:00:50] [INFO] F10 enviado (Pause/Resume)
[2025-08-30 00:01:36] [INFO] F10 enviado (Pause/Resume)
[2025-08-30 00:02:32] [INFO] F10 enviado (Pause/Resume)
[2025-08-30 00:02:33] [INFO] F12 enviado (Stop)
[2025-08-30 00:02:34] [INFO] Bot parado
[2025-08-30 00:02:36] [INFO] Start: C:\Users\TCastro\Desktop\pokemon-bot_v1\.venv\Scripts\python.exe C:\Users\TCastro\Desktop\pokemon-bot_v1\bot_pokemon.py
[2025-08-30 00:02:37] [INFO] Bot em execução
[2025-08-30 00:33:14] [INFO] F10 enviado (Pause/Resume)
[2025-08-30 00:34:13] [INFO] F10 enviado (Pause/Resume)
[2025-08-30 02:03:10] [INFO] F12 enviado (Stop)
[2025-08-30 02:03:10] [INFO] Bot parado
[2025-08-30 02:03:26] [INFO] GUI a fechar
[2025-08-30 03:14:50] [INFO] GUI iniciado
[2025-08-30 03:16:57] [INFO] Start: C:\Users\TCastro\Desktop\pokemon-bot_v1\.venv\Scripts\python.exe C:\Users\TCastro\Desktop\pokemon-bot_v1\bot_pokemon.py
[2025-08-30 03:16:58] [INFO] Bot em execução
[2025-08-30 03:17:08] [INFO] F10 enviado (Pause/Resume)
[2025-08-30 03:20:13] [INFO] F10 enviado (Pause/Resume)
[2025-08-30 03:20:36] [INFO] F10 enviado (Pause/Resume)
[2025-08-30 03:20:44] [INFO] F10 enviado (Pause/Resume)
[2025-08-30 03:21:04] [INFO] F10 enviado (Pause/Resume)
[2025-08-30 03:22:07] [INFO] GUI a fechar
[2025-08-30 03:22:07] [INFO] F12 enviado (Stop)
[2025-08-30 03:22:07] [INFO] Bot parado
[2025-08-30 03:22:09] [INFO] GUI iniciado
[2025-08-30 03:22:24] [INFO] Start: C:\Users\TCastro\Desktop\pokemon-bot_v1\.venv\Scripts\python.exe C:\Users\TCastro\Desktop\pokemon-bot_v1\bot_pokemon.py
[2025-08-30 03:22:24] [INFO] F10 enviado (Pause/Resume)
[2025-08-30 03:22:25] [INFO] Bot em execução
[2025-08-30 03:22:30] [INFO] F10 enviado (Pause/Resume)
[2025-08-30 15:56:46] [INFO] F10 enviado (Pause/Resume)
[2025-08-30 16:00:31] [INFO] GUI a fechar
[2025-08-30 16:00:31] [INFO] F12 enviado (Stop)
[2025-08-30 16:00:32] [INFO] Bot parado
[2025-08-30 19:11:59] [INFO] GUI iniciado
[2025-08-30 19:13:30] [INFO] Start: C:\Users\TCastro\Desktop\pokemon-bot_v1\.venv\Scripts\python.exe C:\Users\TCastro\Desktop\pokemon-bot_v1\bot_pokemon.py
[2025-08-30 19:13:31] [INFO] Bot em execução
[2025-08-30 19:13:37] [INFO] F10 enviado (Pause/Resume)
[2025-08-30 19:13:49] [INFO] F10 enviado (Pause/Resume)
[2025-08-30 19:14:53] [INFO] F10 enviado (Pause/Resume)
[2025-08-30 19:15:36] [INFO] F10 enviado (Pause/Resume)
[2025-08-30 19:18:18] [INFO] F12 enviado (Stop)
[2025-08-30 19:18:21] [INFO] terminate() chamado
[2025-08-30 19:18:21] [INFO] Bot parado
[2025-08-30 19:19:16] [INFO] Start: C:\Users\TCastro\Desktop\pokemon-bot_v1\.venv\Scripts\python.exe C:\Users\TCastro\Desktop\pokemon-bot_v1\bot_pokemon.py
[2025-08-30 19:19:17] [INFO] Bot em execução
[2025-08-30 19:58:23] [INFO] GUI a fechar
[2025-08-30 19:58:23] [INFO] F12 enviado (Stop)
[2025-08-30 19:58:26] [INFO] terminate() chamado
[2025-08-30 19:58:26] [INFO] Bot parado
[2025-08-31 12:35:44] [INFO] GUI iniciado
[2025-08-31 12:35:54] [INFO] Start: C:\Users\TCastro\Desktop\pokemon-bot_v1\.venv\Scripts\python.exe C:\Users\TCastro\Desktop\pokemon-bot_v1\bot_pokemon.py
[2025-08-31 12:35:55] [INFO] Bot em execução
[2025-08-31 12:36:00] [INFO] F10 enviado (Pause/Resume)
[2025-08-31 12:36:40] [INFO] GUI a fechar
[2025-08-31 12:36:40] [INFO] F12 enviado (Stop)
[2025-08-31 12:36:40] [INFO] Bot parado
[2025-08-31 12:36:41] [INFO] GUI iniciado
[2025-08-31 12:36:42] [INFO] Start: C:\Users\TCastro\Desktop\pokemon-bot_v1\.venv\Scripts\python.exe C:\Users\TCastro\Desktop\pokemon-bot_v1\bot_pokemon.py
[2025-08-31 12:36:43] [INFO] Bot em execução
[2025-08-31 12:36:49] [INFO] F10 enviado (Pause/Resume)
[2025-08-31 12:36:57] [INFO] F10 enviado (Pause/Resume)
[2025-08-31 12:39:45] [INFO] F12 enviado (Stop)
[2025-08-31 12:39:48] [INFO] terminate() chamado
[2025-08-31 12:39:48] [INFO] Bot parado
[2025-08-31 12:40:26] [INFO] Start: C:\Users\TCastro\Desktop\pokemon-bot_v1\.venv\Scripts\python.exe C:\Users\TCastro\Desktop\pokemon-bot_v1\bot_pokemon.py
[2025-08-31 12:40:27] [INFO] Bot em execução
[2025-08-31 12:41:43] [INFO] F10 enviado (Pause/Resume)
[2025-08-31 12:42:02] [INFO] F10 enviado (Pause/Resume)
[2025-08-31 16:18:38] [INFO] F12 enviado (Stop)
[2025-08-31 16:18:41] [INFO] terminate() chamado
[2025-08-31 16:18:41] [INFO] Bot parado
[2025-08-31 16:39:15] [INFO] Start: C:\Users\TCastro\Desktop\pokemon-bot_v1\.venv\Scripts\python.exe C:\Users\TCastro\Desktop\pokemon-bot_v1\bot_pokemon.py
[2025-08-31 16:39:16] [INFO] Bot em execução
[2025-08-31 16:40:45] [INFO] F10 enviado (Pause/Resume)
[2025-08-31 16:41:03] [INFO] F10 enviado (Pause/Resume)
[2025-08-31 16:47:58] [INFO] F10 enviado (Pause/Resume)
[2025-08-31 16:48:05] [INFO] F10 enviado (Pause/Resume)
[2025-08-31 16:48:12] [INFO] F12 enviado (Stop)
[2025-08-31 16:48:15] [INFO] terminate() chamado
[2025-08-31 16:48:15] [INFO] Bot parado
[2025-08-31 16:48:40] [INFO] GUI a fechar
[2025-08-31 17:40:19] [INFO] GUI iniciado
[2025-08-31 17:40:23] [INFO] Start: C:\Users\TCastro\Desktop\pokemon-bot_v1\.venv\Scripts\python.exe C:\Users\TCastro\Desktop\pokemon-bot_v1\bot_pokemon.py
[2025-08-31 17:40:24] [INFO] Bot em execução
[2025-08-31 17:40:28] [INFO] F10 enviado (Pause/Resume)
[2025-08-31 17:40:44] [INFO] F10 enviado (Pause/Resume)
[2025-08-31 17:44:39] [INFO] F10 enviado (Pause/Resume)
[2025-08-31 19:30:36] [INFO] F10 enviado (Pause/Resume)
[2025-08-31 19:30:46] [INFO] F10 enviado (Pause/Resume)
[2025-08-31 19:31:40] [INFO] F10 enviado (Pause/Resume)
[2025-08-31 19:38:11] [INFO] F10 enviado (Pause/Resume)
[2025-08-31 19:38:22] [INFO] F10 enviado (Pause/Resume)
[2025-08-31 19:38:24] [INFO] F10 enviado (Pause/Resume)
[2025-08-31 19:38:33] [INFO] F12 enviado (Stop)
[2025-08-31 19:38:36] [INFO] terminate() chamado
[2025-08-31 19:38:37] [INFO] Bot parado
[2025-08-31 19:39:04] [INFO] GUI a fechar
[2025-08-31 19:39:06] [INFO] GUI iniciado
[2025-08-31 19:39:07] [INFO] Start: C:\Users\TCastro\Desktop\pokemon-bot_v1\.venv\Scripts\python.exe C:\Users\TCastro\Desktop\pokemon-bot_v1\bot_pokemon.py
[2025-08-31 19:39:08] [INFO] Bot terminou imediatamente (RC=1)
[2025-08-31 19:39:16] [INFO] GUI a fechar
[2025-08-31 19:39:19] [INFO] GUI iniciado
[2025-08-31 19:39:28] [INFO] Start: C:\Users\TCastro\Desktop\pokemon-bot_v1\.venv\Scripts\python.exe C:\Users\TCastro\Desktop\pokemon-bot_v1\bot_pokemon.py
[2025-08-31 19:39:29] [INFO] Bot em execução
[2025-08-31 21:19:52] [INFO] F10 enviado (Pause/Resume)
[2025-08-31 21:20:41] [INFO] GUI a fechar
[2025-08-31 21:20:41] [INFO] F12 enviado (Stop)
[2025-08-31 21:20:41] [INFO] Bot parado
[2025-08-31 23:17:43] [INFO] GUI iniciado
[2025-08-31 23:18:23] [INFO] Start: C:\Users\TCastro\Desktop\pokemon-bot_v1\.venv\Scripts\python.exe C:\Users\TCastro\Desktop\pokemon-bot_v1\bot_pokemon.py
[2025-08-31 23:18:24] [INFO] Bot em execução
[2025-08-31 23:18:52] [INFO] F12 enviado (Stop)
[2025-08-31 23:18:52] [INFO] Bot parado
[2025-08-31 23:19:28] [INFO] Start: C:\Users\TCastro\Desktop\pokemon-bot_v1\.venv\Scripts\python.exe C:\Users\TCastro\Desktop\pokemon-bot_v1\bot_pokemon.py
[2025-08-31 23:19:29] [INFO] Bot em execução
[2025-08-31 23:21:44] [INFO] F12 enviado (Stop)
[2025-08-31 23:21:47] [INFO] terminate() chamado
[2025-08-31 23:21:47] [INFO] Bot parado
[2025-08-31 23:23:41] [INFO] Start: C:\Users\TCastro\Desktop\pokemon-bot_v1\.venv\Scripts\python.exe C:\Users\TCastro\Desktop\pokemon-bot_v1\bot_pokemon.py
[2025-08-31 23:23:42] [INFO] Bot em execução
[2025-09-01 05:28:15] [INFO] F10 enviado (Pause/Resume)
[2025-09-01 05:29:45] [INFO] F12 enviado (Stop)
[2025-09-01 05:29:45] [INFO] Bot parado
[2025-09-01 06:46:18] [INFO] GUI a fechar
[2025-09-03 15:35:57] [INFO] GUI iniciado
[2025-09-03 15:40:02] [INFO] Start: C:\Users\TCastro\Desktop\pokemon-bot_v1\.venv\Scripts\python.exe C:\Users\TCastro\Desktop\pokemon-bot_v1\bot_pokemon.py
[2025-09-03 15:40:03] [INFO] Bot em execução
[2025-09-03 15:40:12] [INFO] F10 enviado (Pause/Resume)
[2025-09-03 15:41:51] [INFO] F10 enviado (Pause/Resume)
[2025-09-03 15:42:26] [INFO] F10 enviado (Pause/Resume)
[2025-09-03 15:42:41] [INFO] F10 enviado (Pause/Resume)
[2025-09-03 15:42:46] [INFO] F10 enviado (Pause/Resume)
[2025-09-03 15:43:02] [INFO] F10 enviado (Pause/Resume)
[2025-09-03 15:43:27] [INFO] F10 enviado (Pause/Resume)
[2025-09-03 15:43:37] [INFO] F12 enviado (Stop)
[2025-09-03 15:43:40] [INFO] terminate() chamado
[2025-09-03 15:43:40] [INFO] Bot parado
[2025-09-03 15:44:48] [INFO] GUI a fechar
[2025-09-03 15:44:53] [INFO] GUI iniciado
[2025-09-03 15:45:01] [INFO] Start: C:\Users\TCastro\Desktop\pokemon-bot_v1\.venv\Scripts\python.exe C:\Users\TCastro\Desktop\pokemon-bot_v1\bot_pokemon.py
[2025-09-03 15:45:02] [INFO] Bot em execução
[2025-09-03 15:45:09] [INFO] F12 enviado (Stop)
[2025-09-03 15:45:10] [INFO] Bot parado
[2025-09-03 15:45:23] [INFO] Start: C:\Users\TCastro\Desktop\pokemon-bot_v1\.venv\Scripts\python.exe C:\Users\TCastro\Desktop\pokemon-bot_v1\bot_pokemon.py
[2025-09-03 15:45:23] [INFO] F10 enviado (Pause/Resume)
[2025-09-03 15:45:25] [INFO] Bot em execução
[2025-09-03 15:45:29] [INFO] F10 enviado (Pause/Resume)
[2025-09-03 15:45:34] [INFO] F10 enviado (Pause/Resume)
[2025-09-03 15:45:56] [INFO] F10 enviado (Pause/Resume)
[2025-09-03 19:14:16] [INFO] F10 enviado (Pause/Resume)
[2025-09-03 19:14:32] [INFO] F10 enviado (Pause/Resume)
[2025-09-03 20:49:26] [INFO] F12 enviado (Stop)
[2025-09-03 20:49:26] [INFO] Bot parado
[2025-09-03 20:50:40] [INFO] GUI a fechar
[2025-09-03 23:46:23] [INFO] GUI iniciado
[2025-09-03 23:46:28] [INFO] Start: C:\Users\Utilizador\Desktop\poke_teste\.venv\Scripts\pythonw.exe C:\Users\Utilizador\Desktop\poke_teste\bot_pokemon.py
[2025-09-03 23:46:29] [INFO] Bot em execução
[2025-09-04 00:00:05] [INFO] Bot parado
[2025-09-04 00:02:24] [INFO] Start: C:\Users\Utilizador\Desktop\poke_teste\.venv\Scripts\pythonw.exe C:\Users\Utilizador\Desktop\poke_teste\bot_pokemon.py
[2025-09-04 00:02:25] [INFO] Bot em execução
[2025-09-04 00:02:36] [INFO] Bot parado
[2025-09-04 00:03:08] [INFO] Start: C:\Users\Utilizador\Desktop\poke_teste\.venv\Scripts\pythonw.exe C:\Users\Utilizador\Desktop\poke_teste\bot_pokemon.py
[2025-09-04 00:03:09] [INFO] Bot em execução
[2025-09-04 00:03:34] [INFO] Bot parado
[2025-09-04 00:05:38] [INFO] Start: C:\Users\Utilizador\Desktop\poke_teste\.venv\Scripts\pythonw.exe C:\Users\Utilizador\Desktop\poke_teste\bot_pokemon.py
[2025-09-04 00:05:39] [INFO] Bot em execução
[2025-09-04 00:06:23] [INFO] F10 enviado (Pause/Resume)
[2025-09-04 00:07:30] [INFO] F10 enviado (Pause/Resume)
[2025-09-04 00:07:56] [INFO] F12 enviado (Stop)
[2025-09-04 00:07:57] [INFO] Bot parado
[2025-09-04 00:08:38] [INFO] Start: C:\Users\Utilizador\Desktop\poke_teste\.venv\Scripts\pythonw.exe C:\Users\Utilizador\Desktop\poke_teste\bot_pokemon.py
[2025-09-04 00:08:39] [INFO] Bot em execução
[2025-09-04 00:08:49] [INFO] F10 enviado (Pause/Resume)
[2025-09-04 00:09:10] [INFO] F10 enviado (Pause/Resume)
[2025-09-04 00:10:00] [INFO] F12 enviado (Stop)
[2025-09-04 00:10:01] [INFO] Bot parado
[2025-09-04 00:18:28] [INFO] GUI a fechar
[2025-09-04 00:18:33] [INFO] GUI iniciado
[2025-09-04 00:18:40] [INFO] Start: C:\Users\Utilizador\Desktop\poke_teste\.venv\Scripts\pythonw.exe C:\Users\Utilizador\Desktop\poke_teste\bot_pokemon.py
[2025-09-04 00:18:41] [INFO] Bot em execução
[2025-09-04 00:18:58] [INFO] F10 enviado (Pause/Resume)
[2025-09-04 00:19:05] [INFO] F10 enviado (Pause/Resume)
[2025-09-04 00:19:29] [INFO] F12 enviado (Stop)
[2025-09-04 00:19:32] [INFO] terminate() chamado
[2025-09-04 00:19:32] [INFO] Bot parado
[2025-09-04 00:34:18] [INFO] Start: C:\Users\Utilizador\Desktop\poke_teste\.venv\Scripts\pythonw.exe C:\Users\Utilizador\Desktop\poke_teste\bot_pokemon.py
[2025-09-04 00:34:19] [INFO] Bot em execução
[2025-09-04 00:38:45] [INFO] Bot parado
[2025-09-04 00:38:46] [INFO] Start: C:\Users\Utilizador\Desktop\poke_teste\.venv\Scripts\pythonw.exe C:\Users\Utilizador\Desktop\poke_teste\bot_pokemon.py
[2025-09-04 00:38:47] [INFO] Bot em execução
[2025-09-04 00:40:29] [INFO] F12 enviado (Stop)
[2025-09-04 00:40:30] [INFO] Bot parado
[2025-09-04 00:41:40] [INFO] Start: C:\Users\Utilizador\Desktop\poke_teste\.venv\Scripts\pythonw.exe C:\Users\Utilizador\Desktop\poke_teste\bot_pokemon.py
[2025-09-04 00:41:41] [INFO] Bot em execução
[2025-09-04 00:55:47] [INFO] F12 enviado (Stop)
[2025-09-04 00:55:50] [INFO] terminate() chamado
[2025-09-04 00:55:50] [INFO] Bot parado
[2025-09-04 00:55:53] [INFO] GUI a fechar
[2025-09-04 00:57:46] [INFO] GUI iniciado
[2025-09-04 00:57:53] [INFO] Start: C:\Users\Utilizador\Desktop\poke_teste\.venv\Scripts\pythonw.exe C:\Users\Utilizador\Desktop\poke_teste\bot_pokemon.py
[2025-09-04 00:57:54] [INFO] Bot em execução
[2025-09-04 02:15:09] [INFO] F10 enviado (Pause/Resume)
[2025-09-04 02:15:55] [INFO] F10 enviado (Pause/Resume)
[2025-09-04 02:22:46] [INFO] F10 enviado (Pause/Resume)
[2025-09-04 02:23:24] [INFO] F10 enviado (Pause/Resume)
[2025-09-04 03:20:56] [INFO] F10 enviado (Pause/Resume)
[2025-09-04 03:21:05] [INFO] F12 enviado (Stop)
[2025-09-04 03:21:06] [INFO] Bot parado
[2025-09-04 03:21:26] [INFO] GUI a fechar
[2025-09-04 09:50:32] [INFO] GUI iniciado
[2025-09-04 09:51:19] [INFO] Start: C:\Users\Utilizador\Desktop\poke_teste\.venv\Scripts\pythonw.exe C:\Users\Utilizador\Desktop\poke_teste\bot_pokemon.py
[2025-09-04 09:51:20] [INFO] Bot em execução
[2025-09-04 10:04:34] [INFO] F10 enviado (Pause/Resume)
[2025-09-04 10:06:58] [INFO] F10 enviado (Pause/Resume)
[2025-09-04 10:09:18] [INFO] F10 enviado (Pause/Resume)
[2025-09-04 10:10:00] [INFO] F10 enviado (Pause/Resume)
[2025-09-04 10:10:02] [INFO] F10 enviado (Pause/Resume)
[2025-09-04 11:09:27] [INFO] F10 enviado (Pause/Resume)
[2025-09-04 11:27:23] [INFO] F10 enviado (Pause/Resume)
[2025-09-04 11:31:20] [INFO] F10 enviado (Pause/Resume)
[2025-09-04 11:49:06] [INFO] F10 enviado (Pause/Resume)
[2025-09-04 11:54:28] [INFO] F10 enviado (Pause/Resume)
[2025-09-04 12:10:58] [INFO] F10 enviado (Pause/Resume)
[2025-09-04 12:19:51] [INFO] GUI a fechar
[2025-09-04 12:19:51] [INFO] F12 enviado (Stop)
[2025-09-04 12:19:54] [INFO] terminate() chamado
[2025-09-04 12:19:54] [INFO] Bot parado
[2025-09-04 12:19:58] [INFO] GUI iniciado
[2025-09-04 12:20:02] [INFO] Start: C:\Users\Utilizador\Desktop\poke_teste\.venv\Scripts\pythonw.exe C:\Users\Utilizador\Desktop\poke_teste\bot_pokemon.py
[2025-09-04 12:20:03] [INFO] Bot terminou imediatamente (RC=1)
[2025-09-04 12:20:18] [INFO] Start: C:\Users\Utilizador\Desktop\poke_teste\.venv\Scripts\pythonw.exe C:\Users\Utilizador\Desktop\poke_teste\bot_pokemon.py
[2025-09-04 12:20:19] [INFO] Bot em execução
[2025-09-04 12:20:20] [INFO] F12 enviado (Stop)
[2025-09-04 12:20:21] [INFO] Bot parado
[2025-09-04 12:22:50] [INFO] Start: C:\Users\Utilizador\Desktop\poke_teste\.venv\Scripts\pythonw.exe C:\Users\Utilizador\Desktop\poke_teste\bot_pokemon.py
[2025-09-04 12:22:51] [INFO] Bot em execução
[2025-09-04 12:23:00] [INFO] F10 enviado (Pause/Resume)
[2025-09-04 12:23:00] [INFO] F12 enviado (Stop)
[2025-09-04 12:23:00] [INFO] Bot parado
[2025-09-04 12:23:45] [INFO] Start: C:\Users\Utilizador\Desktop\poke_teste\.venv\Scripts\pythonw.exe C:\Users\Utilizador\Desktop\poke_teste\bot_pokemon.py
[2025-09-04 12:23:46] [INFO] Bot em execução
[2025-09-04 12:24:09] [INFO] F12 enviado (Stop)
[2025-09-04 12:24:12] [INFO] terminate() chamado
[2025-09-04 12:24:12] [INFO] Bot parado
[2025-09-04 12:24:21] [INFO] Start: C:\Users\Utilizador\Desktop\poke_teste\.venv\Scripts\pythonw.exe C:\Users\Utilizador\Desktop\poke_teste\bot_pokemon.py
[2025-09-04 12:24:22] [INFO] Bot em execução
[2025-09-04 12:25:24] [INFO] F12 enviado (Stop)
[2025-09-04 12:25:26] [INFO] Bot parado
[2025-09-04 12:26:06] [INFO] Start: C:\Users\Utilizador\Desktop\poke_teste\.venv\Scripts\pythonw.exe C:\Users\Utilizador\Desktop\poke_teste\bot_pokemon.py
[2025-09-04 12:26:07] [INFO] Bot em execução
[2025-09-04 12:27:25] [INFO] F12 enviado (Stop)
[2025-09-04 12:27:26] [INFO] Bot parado
[2025-09-04 12:28:26] [INFO] Start: C:\Users\Utilizador\Desktop\poke_teste\.venv\Scripts\pythonw.exe C:\Users\Utilizador\Desktop\poke_teste\bot_pokemon.py
[2025-09-04 12:28:27] [INFO] Bot em execução
[2025-09-04 12:29:20] [INFO] F12 enviado (Stop)
[2025-09-04 12:29:20] [INFO] Bot parado
[2025-09-04 12:29:57] [INFO] Start: C:\Users\Utilizador\Desktop\poke_teste\.venv\Scripts\pythonw.exe C:\Users\Utilizador\Desktop\poke_teste\bot_pokemon.py
[2025-09-04 12:29:58] [INFO] Bot em execução
[2025-09-04 12:30:54] [INFO] F12 enviado (Stop)
[2025-09-04 12:30:55] [INFO] Bot parado
[2025-09-04 12:31:24] [INFO] Start: C:\Users\Utilizador\Desktop\poke_teste\.venv\Scripts\pythonw.exe C:\Users\Utilizador\Desktop\poke_teste\bot_pokemon.py
[2025-09-04 12:31:25] [INFO] Bot em execução
[2025-09-04 12:32:28] [INFO] F12 enviado (Stop)
[2025-09-04 12:32:29] [INFO] Bot parado
[2025-09-04 12:36:55] [INFO] Start: C:\Users\Utilizador\Desktop\poke_teste\.venv\Scripts\pythonw.exe C:\Users\Utilizador\Desktop\poke_teste\bot_pokemon.py
[2025-09-04 12:36:56] [INFO] Bot em execução
[2025-09-04 12:39:09] [INFO] F12 enviado (Stop)
[2025-09-04 12:39:10] [INFO] Bot parado
[2025-09-04 12:40:59] [INFO] Start: C:\Users\Utilizador\Desktop\poke_teste\.venv\Scripts\pythonw.exe C:\Users\Utilizador\Desktop\poke_teste\bot_pokemon.py
[2025-09-04 12:41:00] [INFO] Bot em execução
[2025-09-04 12:41:20] [INFO] F12 enviado (Stop)
[2025-09-04 12:41:21] [INFO] Bot parado
[2025-09-04 12:42:24] [INFO] Start: C:\Users\Utilizador\Desktop\poke_teste\.venv\Scripts\pythonw.exe C:\Users\Utilizador\Desktop\poke_teste\bot_pokemon.py
[2025-09-04 12:42:25] [INFO] Bot em execução
[2025-09-04 12:43:44] [INFO] F10 enviado (Pause/Resume)
[2025-09-04 12:43:45] [INFO] F12 enviado (Stop)
[2025-09-04 12:43:45] [INFO] Bot parado
[2025-09-04 12:44:31] [INFO] Start: C:\Users\Utilizador\Desktop\poke_teste\.venv\Scripts\pythonw.exe C:\Users\Utilizador\Desktop\poke_teste\bot_pokemon.py
[2025-09-04 12:44:32] [INFO] Bot em execução
[2025-09-04 12:45:15] [INFO] F12 enviado (Stop)
[2025-09-04 12:45:16] [INFO] Bot parado
[2025-09-04 12:46:22] [INFO] Start: C:\Users\Utilizador\Desktop\poke_teste\.venv\Scripts\pythonw.exe C:\Users\Utilizador\Desktop\poke_teste\bot_pokemon.py
[2025-09-04 12:46:23] [INFO] Bot em execução
[2025-09-04 12:47:04] [INFO] F12 enviado (Stop)
[2025-09-04 12:47:05] [INFO] Bot parado
[2025-09-04 12:47:58] [INFO] Start: C:\Users\Utilizador\Desktop\poke_teste\.venv\Scripts\pythonw.exe C:\Users\Utilizador\Desktop\poke_teste\bot_pokemon.py
[2025-09-04 12:47:59] [INFO] Bot em execução
[2025-09-04 12:48:23] [INFO] F12 enviado (Stop)
[2025-09-04 12:48:23] [INFO] Bot parado
[2025-09-04 12:50:07] [INFO] Start: C:\Users\Utilizador\Desktop\poke_teste\.venv\Scripts\pythonw.exe C:\Users\Utilizador\Desktop\poke_teste\bot_pokemon.py
[2025-09-04 12:50:08] [INFO] Bot em execução
[2025-09-04 12:50:28] [INFO] F12 enviado (Stop)
[2025-09-04 12:50:29] [INFO] Bot parado
[2025-09-04 12:51:15] [INFO] Start: C:\Users\Utilizador\Desktop\poke_teste\.venv\Scripts\pythonw.exe C:\Users\Utilizador\Desktop\poke_teste\bot_pokemon.py
[2025-09-04 12:51:16] [INFO] Bot em execução
[2025-09-04 12:51:38] [INFO] F12 enviado (Stop)
[2025-09-04 12:51:41] [INFO] terminate() chamado
[2025-09-04 12:51:41] [INFO] Bot parado
[2025-09-04 12:52:04] [INFO] Start: C:\Users\Utilizador\Desktop\poke_teste\.venv\Scripts\pythonw.exe C:\Users\Utilizador\Desktop\poke_teste\bot_pokemon.py
[2025-09-04 12:52:05] [INFO] Bot em execução
[2025-09-04 12:53:07] [INFO] F12 enviado (Stop)
[2025-09-04 12:53:07] [INFO] Bot parado
[2025-09-04 12:53:11] [INFO] GUI a fechar
[2025-09-04 13:09:30] [INFO] GUI iniciado
[2025-09-04 13:09:49] [INFO] GUI a fechar
[2025-09-04 16:56:48] [INFO] GUI iniciado
[2025-09-04 16:56:51] [INFO] Start: C:\Users\Utilizador\Desktop\poke_teste\.venv\Scripts\pythonw.exe C:\Users\Utilizador\Desktop\poke_teste\bot_pokemon.py
[2025-09-04 16:56:52] [INFO] Bot em execução
[2025-09-04 17:10:16] [INFO] F12 enviado (Stop)
[2025-09-04 17:10:19] [INFO] terminate() chamado
[2025-09-04 17:10:19] [INFO] Bot parado
[2025-09-04 17:51:12] [INFO] GUI iniciado
[2025-09-04 17:51:17] [INFO] GUI a fechar
[2025-09-04 17:51:31] [INFO] Start: C:\Users\Utilizador\Desktop\poke_teste\.venv\Scripts\pythonw.exe C:\Users\Utilizador\Desktop\poke_teste\bot_pokemon.py
[2025-09-04 17:51:32] [INFO] Bot em execução
[2025-09-04 17:52:15] [INFO] F12 enviado (Stop)
[2025-09-04 17:52:16] [INFO] Bot parado
[2025-09-04 17:57:51] [INFO] Start: C:\Users\Utilizador\Desktop\poke_teste\.venv\Scripts\pythonw.exe C:\Users\Utilizador\Desktop\poke_teste\bot_pokemon.py
[2025-09-04 17:57:52] [INFO] Bot em execução
[2025-09-04 17:57:56] [INFO] F12 enviado (Stop)
[2025-09-04 17:57:56] [INFO] Bot parado
[2025-09-04 17:57:59] [INFO] Start: C:\Users\Utilizador\Desktop\poke_teste\.venv\Scripts\pythonw.exe C:\Users\Utilizador\Desktop\poke_teste\bot_pokemon.py
[2025-09-04 17:58:00] [INFO] Bot em execução
[2025-09-04 17:58:15] [INFO] F12 enviado (Stop)
[2025-09-04 17:58:16] [INFO] Bot parado
[2025-09-04 17:58:26] [INFO] GUI a fechar
[2025-09-05 18:28:48] [INFO] GUI iniciado
[2025-09-05 18:28:58] [INFO] Start: C:\Users\Utilizador\Desktop\poke_teste\.venv\Scripts\pythonw.exe C:\Users\Utilizador\Desktop\poke_teste\bot_pokemon.py
[2025-09-05 18:28:59] [INFO] Bot em execução
[2025-09-05 20:59:35] [INFO] F12 enviado (Stop)
[2025-09-05 20:59:35] [INFO] Bot parado
[2025-09-05 21:30:28] [INFO] GUI a fechar
[2025-09-05 23:28:10] [INFO] GUI iniciado
[2025-09-05 23:29:45] [INFO] Start: C:\Users\Utilizador\Desktop\poke_teste\.venv\Scripts\pythonw.exe C:\Users\Utilizador\Desktop\poke_teste\bot_pokemon.py
[2025-09-05 23:29:46] [INFO] Bot em execução
[2025-09-05 23:39:15] [INFO] F12 enviado (Stop)
[2025-09-05 23:39:16] [INFO] Bot parado
[2025-09-06 00:11:57] [INFO] GUI a fechar
[2025-09-17 18:37:49] [INFO] GUI iniciado
[2025-09-17 18:41:53] [INFO] Start: C:\Users\Utilizador\Desktop\poke_teste\.venv\Scripts\pythonw.exe C:\Users\Utilizador\Desktop\poke_teste\bot_pokemon.py
[2025-09-17 18:41:54] [INFO] Bot em execução
[2025-09-17 18:42:15] [INFO] Bot parado
[2025-09-17 18:44:17] [INFO] Start: C:\Users\Utilizador\Desktop\poke_teste\.venv\Scripts\pythonw.exe C:\Users\Utilizador\Desktop\poke_teste\bot_pokemon.py
[2025-09-17 18:44:18] [INFO] Bot em execução
[2025-09-17 18:44:34] [INFO] F12 enviado (Stop)
[2025-09-17 18:44:36] [INFO] Bot parado
[2025-09-17 18:54:39] [INFO] Start: C:\Users\Utilizador\Desktop\poke_teste\.venv\Scripts\pythonw.exe C:\Users\Utilizador\Desktop\poke_teste\bot_pokemon.py
[2025-09-17 18:54:40] [INFO] Bot em execução
[2025-09-17 18:57:15] [INFO] F12 enviado (Stop)
[2025-09-17 18:57:17] [INFO] Bot parado
[2025-09-17 20:24:00] [INFO] Start: C:\Users\Utilizador\Desktop\poke_teste\.venv\Scripts\pythonw.exe C:\Users\Utilizador\Desktop\poke_teste\bot_pokemon.py
[2025-09-17 20:24:01] [INFO] Bot em execução
[2025-09-17 20:24:04] [INFO] F12 enviado (Stop)
[2025-09-17 20:24:04] [INFO] Bot parado
[2025-09-17 20:24:09] [INFO] Start: C:\Users\Utilizador\Desktop\poke_teste\.venv\Scripts\pythonw.exe C:\Users\Utilizador\Desktop\poke_teste\bot_pokemon.py
[2025-09-17 20:24:10] [INFO] Bot em execução
[2025-09-17 20:28:11] [INFO] F12 enviado (Stop)
[2025-09-17 20:28:14] [INFO] terminate() chamado
[2025-09-17 20:28:14] [INFO] Bot parado
[2025-09-17 20:30:09] [INFO] GUI a fechar
[2025-09-17 20:30:13] [INFO] GUI iniciado
[2025-09-17 20:30:19] [INFO] Start: C:\Users\Utilizador\Desktop\poke_teste\.venv\Scripts\pythonw.exe C:\Users\Utilizador\Desktop\poke_teste\bot_pokemon.py
[2025-09-17 20:30:20] [INFO] Bot em execução
[2025-09-17 20:46:01] [INFO] F12 enviado (Stop)
[2025-09-17 20:46:04] [INFO] Bot parado
[2025-09-17 20:46:05] [INFO] GUI a fechar
[2025-09-17 20:49:20] [INFO] GUI iniciado
[2025-09-17 20:49:24] [INFO] Start: C:\Users\Utilizador\Desktop\poke_teste\.venv\Scripts\pythonw.exe C:\Users\Utilizador\Desktop\poke_teste\bot_pokemon.py
[2025-09-17 20:49:25] [INFO] Bot em execução
[2025-09-17 21:07:22] [INFO] F12 enviado (Stop)
[2025-09-17 21:07:25] [INFO] terminate() chamado
[2025-09-17 21:07:25] [INFO] Bot parado
[2025-09-17 21:08:54] [INFO] GUI a fechar
[2025-09-18 12:38:03] [INFO] GUI iniciado
[2025-09-18 12:38:05] [INFO] Start: C:\Users\Utilizador\Desktop\poke_teste\.venv\Scripts\pythonw.exe C:\Users\Utilizador\Desktop\poke_teste\bot_pokemon.py
[2025-09-18 12:38:06] [INFO] Bot em execução
[2025-09-18 12:38:32] [INFO] F12 enviado (Stop)
[2025-09-18 12:38:35] [INFO] terminate() chamado
[2025-09-18 12:38:35] [INFO] Bot parado
[2025-09-18 12:38:37] [INFO] GUI a fechar
[2025-09-18 17:59:43] [INFO] GUI iniciado
[2025-09-18 18:02:32] [INFO] Start: C:\Users\Utilizador\Desktop\PokeBot\poke_teste\.venv\Scripts\pythonw.exe C:\Users\Utilizador\Desktop\PokeBot\poke_teste\bot_pokemon.py
[2025-09-18 18:02:33] [INFO] Bot em execução
[2025-09-18 18:03:09] [INFO] F12 enviado (Stop)
[2025-09-18 18:03:09] [INFO] Bot parado
[2025-09-18 18:04:01] [INFO] Start: C:\Users\Utilizador\Desktop\PokeBot\poke_teste\.venv\Scripts\pythonw.exe C:\Users\Utilizador\Desktop\PokeBot\poke_teste\bot_pokemon.py
[2025-09-18 18:04:02] [INFO] Bot em execução
[2025-09-18 18:13:37] [INFO] F12 enviado (Stop)
[2025-09-18 18:13:38] [INFO] Bot parado
[2025-09-18 18:14:16] [INFO] Start: C:\Users\Utilizador\Desktop\PokeBot\poke_teste\.venv\Scripts\pythonw.exe C:\Users\Utilizador\Desktop\PokeBot\poke_teste\bot_pokemon.py
[2025-09-18 18:14:17] [INFO] Bot em execução
[2025-09-18 18:43:01] [INFO] F12 enviado (Stop)
[2025-09-18 18:43:03] [INFO] Bot parado
[2025-09-18 18:43:10] [INFO] GUI a fechar
[2025-09-18 20:39:35] [INFO] GUI iniciado
[2025-09-18 20:39:56] [INFO] Start: C:\Users\Utilizador\Desktop\PokeBot\poke_teste\.venv\Scripts\pythonw.exe C:\Users\Utilizador\Desktop\PokeBot\poke_teste\bot_pokemon.py
[2025-09-18 20:39:57] [INFO] Bot em execução
[2025-09-18 20:41:57] [INFO] F12 enviado (Stop)
[2025-09-18 20:41:58] [INFO] Bot parado
[2025-09-18 20:41:58] [INFO] GUI a fechar
[2025-09-19 12:48:55] [INFO] GUI iniciado
[2025-09-19 12:48:57] [INFO] Start: C:\Users\Utilizador\Desktop\PokeBot\poke_teste\.venv\Scripts\pythonw.exe C:\Users\Utilizador\Desktop\PokeBot\poke_teste\bot_pokemon.py
[2025-09-19 12:48:58] [INFO] Bot em execução
[2025-09-19 12:53:11] [INFO] F12 enviado (Stop)
[2025-09-19 12:53:12] [INFO] Bot parado
[2025-09-19 12:54:09] [INFO] Start: C:\Users\Utilizador\Desktop\PokeBot\poke_teste\.venv\Scripts\pythonw.exe C:\Users\Utilizador\Desktop\PokeBot\poke_teste\bot_pokemon.py
[2025-09-19 12:54:10] [INFO] Bot em execução
[2025-09-19 12:54:44] [INFO] F12 enviado (Stop)
[2025-09-19 12:54:45] [INFO] Bot parado
[2025-09-19 12:55:14] [INFO] Start: C:\Users\Utilizador\Desktop\PokeBot\poke_teste\.venv\Scripts\pythonw.exe C:\Users\Utilizador\Desktop\PokeBot\poke_teste\bot_pokemon.py
[2025-09-19 12:55:15] [INFO] Bot em execução
[2025-09-19 12:56:49] [INFO] F12 enviado (Stop)
[2025-09-19 12:56:50] [INFO] Bot parado
[2025-09-19 12:57:50] [INFO] Start: C:\Users\Utilizador\Desktop\PokeBot\poke_teste\.venv\Scripts\pythonw.exe C:\Users\Utilizador\Desktop\PokeBot\poke_teste\bot_pokemon.py
[2025-09-19 12:57:51] [INFO] Bot em execução
[2025-09-19 12:59:09] [INFO] F12 enviado (Stop)
[2025-09-19 12:59:10] [INFO] Bot parado
[2025-09-19 13:01:10] [INFO] Start: C:\Users\Utilizador\Desktop\PokeBot\poke_teste\.venv\Scripts\pythonw.exe C:\Users\Utilizador\Desktop\PokeBot\poke_teste\bot_pokemon.py
[2025-09-19 13:01:11] [INFO] Bot em execução
[2025-09-19 13:13:33] [INFO] F12 enviado (Stop)
[2025-09-19 13:13:33] [INFO] Bot parado
[2025-09-19 13:55:07] [INFO] Start: C:\Users\Utilizador\Desktop\PokeBot\poke_teste\.venv\Scripts\pythonw.exe C:\Users\Utilizador\Desktop\PokeBot\poke_teste\bot_pokemon.py
[2025-09-19 13:55:08] [INFO] Bot em execução
[2025-09-19 14:16:25] [INFO] F12 enviado (Stop)
[2025-09-19 14:16:26] [INFO] Bot parado
[2025-09-19 14:16:26] [INFO] GUI a fechar
[2025-09-22 17:44:33] [INFO] GUI iniciado
[2025-09-22 17:46:44] [INFO] Start: C:\Users\Utilizador\Desktop\PokeBot\poke_teste\.venv\Scripts\pythonw.exe C:\Users\Utilizador\Desktop\PokeBot\poke_teste\bot_pokemon.py
[2025-09-22 17:46:45] [INFO] Bot em execução
[2025-09-22 17:49:35] [INFO] F12 enviado (Stop)
[2025-09-22 17:49:36] [INFO] Bot parado
[2025-09-22 17:50:33] [INFO] Start: C:\Users\Utilizador\Desktop\PokeBot\poke_teste\.venv\Scripts\pythonw.exe C:\Users\Utilizador\Desktop\PokeBot\poke_teste\bot_pokemon.py
[2025-09-22 17:50:34] [INFO] Bot em execução
[2025-09-22 17:52:58] [INFO] F12 enviado (Stop)
[2025-09-22 17:52:59] [INFO] Bot parado
[2025-09-22 17:54:14] [INFO] Start: C:\Users\Utilizador\Desktop\PokeBot\poke_teste\.venv\Scripts\pythonw.exe C:\Users\Utilizador\Desktop\PokeBot\poke_teste\bot_pokemon.py
[2025-09-22 17:54:15] [INFO] Bot em execução
[2025-09-22 18:00:31] [INFO] F12 enviado (Stop)
[2025-09-22 18:00:32] [INFO] Bot parado
[2025-09-22 19:00:33] [INFO] GUI a fechar
[2025-09-23 17:56:12] [INFO] GUI iniciado
[2025-09-23 17:57:04] [INFO] Start: C:\Users\Utilizador\Desktop\PokeBot\poke_teste\.venv\Scripts\pythonw.exe C:\Users\Utilizador\Desktop\PokeBot\poke_teste\bot_pokemon.py
[2025-09-23 17:57:05] [INFO] Bot em execução
[2025-09-23 17:57:32] [INFO] F12 enviado (Stop)
[2025-09-23 17:57:33] [INFO] Bot parado
[2025-09-23 17:59:36] [INFO] Start: C:\Users\Utilizador\Desktop\PokeBot\poke_teste\.venv\Scripts\pythonw.exe C:\Users\Utilizador\Desktop\PokeBot\poke_teste\bot_pokemon.py
[2025-09-23 17:59:37] [INFO] Bot em execução
[2025-09-23 18:30:32] [INFO] F12 enviado (Stop)
[2025-09-23 18:30:33] [INFO] Bot parado
[2025-09-23 18:30:42] [INFO] GUI a fechar
[2025-10-02 18:34:40] [INFO] GUI iniciado
[2025-10-02 18:34:42] [INFO] Start: C:\Users\Utilizador\Desktop\PokeBot\poke_teste\.venv\Scripts\pythonw.exe C:\Users\Utilizador\Desktop\PokeBot\poke_teste\bot_pokemon.py
[2025-10-02 18:34:43] [INFO] Bot em execução
[2025-10-02 18:36:30] [INFO] F12 enviado (Stop)
[2025-10-02 18:36:30] [INFO] Bot parado
[2025-10-02 18:37:25] [INFO] Start: C:\Users\Utilizador\Desktop\PokeBot\poke_teste\.venv\Scripts\pythonw.exe C:\Users\Utilizador\Desktop\PokeBot\poke_teste\bot_pokemon.py
[2025-10-02 18:37:26] [INFO] Bot em execução
[2025-10-02 18:38:08] [INFO] F10 enviado (Pause/Resume)
[2025-10-02 18:42:22] [INFO] F10 enviado (Pause/Resume)
[2025-10-02 21:56:43] [INFO] F12 enviado (Stop)
[2025-10-02 21:56:44] [INFO] Bot parado
[2025-10-02 22:26:44] [INFO] GUI a fechar
[2025-10-02 23:46:37] [INFO] GUI iniciado
[2025-10-02 23:46:41] [INFO] Start: C:\Users\Utilizador\Desktop\PokeBot\poke_teste\.venv\Scripts\pythonw.exe C:\Users\Utilizador\Desktop\PokeBot\poke_teste\bot_pokemon.py
[2025-10-02 23:46:42] [INFO] Bot em execução
[2025-10-02 23:46:56] [INFO] Bot parado
[2025-10-02 23:49:11] [INFO] Start: C:\Users\Utilizador\Desktop\PokeBot\poke_teste\.venv\Scripts\pythonw.exe C:\Users\Utilizador\Desktop\PokeBot\poke_teste\bot_pokemon.py
[2025-10-02 23:49:12] [INFO] Bot em execução
[2025-10-02 23:49:22] [INFO] F12 enviado (Stop)
[2025-10-02 23:49:23] [INFO] Bot parado
[2025-10-02 23:50:59] [INFO] Start: C:\Users\Utilizador\Desktop\PokeBot\poke_teste\.venv\Scripts\pythonw.exe C:\Users\Utilizador\Desktop\PokeBot\poke_teste\bot_pokemon.py
[2025-10-02 23:51:00] [INFO] Bot em execução
[2025-10-02 23:51:11] [INFO] F12 enviado (Stop)
[2025-10-02 23:51:12] [INFO] Bot parado
[2025-10-02 23:51:25] [INFO] Start: C:\Users\Utilizador\Desktop\PokeBot\poke_teste\.venv\Scripts\pythonw.exe C:\Users\Utilizador\Desktop\PokeBot\poke_teste\bot_pokemon.py
[2025-10-02 23:51:26] [INFO] Bot em execução
[2025-10-02 23:52:08] [INFO] F12 enviado (Stop)
[2025-10-02 23:52:09] [INFO] Bot parado
[2025-10-02 23:58:37] [INFO] Start: C:\Users\Utilizador\Desktop\PokeBot\poke_teste\.venv\Scripts\pythonw.exe C:\Users\Utilizador\Desktop\PokeBot\poke_teste\bot_pokemon.py
[2025-10-02 23:58:38] [INFO] Bot em execução
[2025-10-02 23:58:50] [INFO] F10 enviado (Pause/Resume)
[2025-10-02 23:59:06] [INFO] F10 enviado (Pause/Resume)
[2025-10-02 23:59:19] [INFO] F12 enviado (Stop)
[2025-10-02 23:59:21] [INFO] Bot parado
[2025-10-03 00:00:20] [INFO] Start: C:\Users\Utilizador\Desktop\PokeBot\poke_teste\.venv\Scripts\pythonw.exe C:\Users\Utilizador\Desktop\PokeBot\poke_teste\bot_pokemon.py
[2025-10-03 00:00:21] [INFO] Bot em execução
[2025-10-03 00:00:28] [INFO] F10 enviado (Pause/Resume)
[2025-10-03 00:08:32] [INFO] F12 enviado (Stop)
[2025-10-03 00:08:32] [INFO] Bot parado
[2025-10-03 00:08:33] [INFO] Start: C:\Users\Utilizador\Desktop\PokeBot\poke_teste\.venv\Scripts\pythonw.exe C:\Users\Utilizador\Desktop\PokeBot\poke_teste\bot_pokemon.py
[2025-10-03 00:08:34] [INFO] Bot em execução
[2025-10-03 00:09:23] [INFO] F12 enviado (Stop)
[2025-10-03 00:09:25] [INFO] Bot parado
[2025-10-03 00:20:43] [INFO] Start: C:\Users\Utilizador\Desktop\PokeBot\poke_teste\.venv\Scripts\pythonw.exe C:\Users\Utilizador\Desktop\PokeBot\poke_teste\bot_pokemon.py
[2025-10-03 00:20:44] [INFO] Bot em execução
[2025-10-03 00:21:33] [INFO] F12 enviado (Stop)
[2025-10-03 00:21:33] [INFO] Bot parado
[2025-10-03 00:48:29] [INFO] Start: C:\Users\Utilizador\Desktop\PokeBot\poke_teste\.venv\Scripts\pythonw.exe C:\Users\Utilizador\Desktop\PokeBot\poke_teste\bot_pokemon.py
[2025-10-03 00:48:30] [INFO] Bot em execução
[2025-10-03 00:49:35] [INFO] F12 enviado (Stop)
[2025-10-03 00:49:38] [INFO] terminate() chamado
[2025-10-03 00:49:38] [INFO] Bot parado
[2025-10-03 01:23:39] [INFO] GUI a fechar
[2025-10-03 21:00:24] [INFO] GUI iniciado
[2025-10-03 21:00:44] [INFO] Start: C:\Users\Utilizador\Desktop\PokeBot\poke_teste\.venv\Scripts\pythonw.exe C:\Users\Utilizador\Desktop\PokeBot\poke_teste\bot_pokemon.py
[2025-10-03 21:00:45] [INFO] Bot em execução
[2025-10-03 21:10:57] [INFO] F12 enviado (Stop)
[2025-10-03 21:10:58] [INFO] Bot parado
[2025-10-03 21:14:45] [INFO] Start: C:\Users\Utilizador\Desktop\PokeBot\poke_teste\.venv\Scripts\pythonw.exe C:\Users\Utilizador\Desktop\PokeBot\poke_teste\bot_pokemon.py
[2025-10-03 21:14:46] [INFO] Bot em execução
[2025-10-03 21:16:04] [INFO] F12 enviado (Stop)
[2025-10-03 21:16:04] [INFO] Bot parado
[2025-10-03 21:16:45] [INFO] Start: C:\Users\Utilizador\Desktop\PokeBot\poke_teste\.venv\Scripts\pythonw.exe C:\Users\Utilizador\Desktop\PokeBot\poke_teste\bot_pokemon.py
[2025-10-03 21:16:46] [INFO] Bot em execução
[2025-10-03 21:26:55] [INFO] F10 enviado (Pause/Resume)
[2025-10-03 21:27:01] [INFO] F10 enviado (Pause/Resume)
[2025-10-03 21:27:05] [INFO] F12 enviado (Stop)
[2025-10-03 21:27:06] [INFO] Bot parado
[2025-10-03 21:27:25] [INFO] Start: C:\Users\Utilizador\Desktop\PokeBot\poke_teste\.venv\Scripts\pythonw.exe C:\Users\Utilizador\Desktop\PokeBot\poke_teste\bot_pokemon.py
[2025-10-03 21:27:26] [INFO] Bot em execução
[2025-10-03 21:32:05] [INFO] F12 enviado (Stop)
[2025-10-03 21:32:08] [INFO] terminate() chamado
[2025-10-03 21:32:08] [INFO] Bot parado
[2025-10-03 21:32:08] [INFO] GUI a fechar
[2025-10-05 13:31:51] [INFO] GUI iniciado
[2025-10-05 13:31:52] [INFO] Start: C:\Users\Utilizador\Desktop\PokeBot\poke_teste\.venv\Scripts\pythonw.exe C:\Users\Utilizador\Desktop\PokeBot\poke_teste\bot_pokemon.py
[2025-10-05 13:31:53] [INFO] Bot em execução
[2025-10-05 13:32:31] [INFO] F12 enviado (Stop)
[2025-10-05 13:32:31] [INFO] Bot parado
[2025-10-05 13:32:32] [INFO] Start: C:\Users\Utilizador\Desktop\PokeBot\poke_teste\.venv\Scripts\pythonw.exe C:\Users\Utilizador\Desktop\PokeBot\poke_teste\bot_pokemon.py
[2025-10-05 13:32:33] [INFO] Bot em execução
[2025-10-05 13:33:16] [INFO] F12 enviado (Stop)
[2025-10-05 13:33:19] [INFO] terminate() chamado
[2025-10-05 13:33:19] [INFO] Bot parado
[2025-10-05 13:38:40] [INFO] Start: C:\Users\Utilizador\Desktop\PokeBot\poke_teste\.venv\Scripts\pythonw.exe C:\Users\Utilizador\Desktop\PokeBot\poke_teste\bot_pokemon.py
[2025-10-05 13:38:41] [INFO] Bot em execução
[2025-10-05 13:39:04] [INFO] F12 enviado (Stop)
[2025-10-05 13:39:05] [INFO] Bot parado
[2025-10-05 13:40:07] [INFO] Start: C:\Users\Utilizador\Desktop\PokeBot\poke_teste\.venv\Scripts\pythonw.exe C:\Users\Utilizador\Desktop\PokeBot\poke_teste\bot_pokemon.py
[2025-10-05 13:40:08] [INFO] Bot em execução
[2025-10-05 13:40:16] [INFO] F12 enviado (Stop)
[2025-10-05 13:40:16] [INFO] Bot parado
[2025-10-05 13:47:14] [INFO] GUI a fechar
[2025-10-05 13:51:53] [INFO] GUI iniciado
[2025-10-05 13:51:56] [INFO] Start: C:\Users\Utilizador\Desktop\PokeBot\poke_teste\.venv\Scripts\pythonw.exe C:\Users\Utilizador\Desktop\PokeBot\poke_teste\bot_pokemon.py
[2025-10-05 13:51:57] [INFO] Bot em execução
[2025-10-05 13:51:57] [INFO] F10 enviado (Pause/Resume)
[2025-10-05 13:52:02] [INFO] F10 enviado (Pause/Resume)
[2025-10-05 13:52:06] [INFO] F10 enviado (Pause/Resume)
[2025-10-05 13:52:09] [INFO] F10 enviado (Pause/Resume)
[2025-10-05 13:52:09] [INFO] F10 enviado (Pause/Resume)
[2025-10-05 13:52:10] [INFO] F10 enviado (Pause/Resume)
[2025-10-05 13:52:10] [INFO] F10 enviado (Pause/Resume)
[2025-10-05 13:52:10] [INFO] F10 enviado (Pause/Resume)
[2025-10-05 13:52:10] [INFO] F10 enviado (Pause/Resume)
[2025-10-05 13:52:11] [INFO] F10 enviado (Pause/Resume)
[2025-10-05 13:52:16] [INFO] F12 enviado (Stop)
[2025-10-05 13:52:19] [INFO] terminate() chamado
[2025-10-05 13:52:19] [INFO] Bot parado
[2025-10-05 13:52:24] [INFO] Start: C:\Users\Utilizador\Desktop\PokeBot\poke_teste\.venv\Scripts\pythonw.exe C:\Users\Utilizador\Desktop\PokeBot\poke_teste\bot_pokemon.py
[2025-10-05 13:52:25] [INFO] Bot em execução
[2025-10-05 13:52:25] [INFO] F10 enviado (Pause/Resume)
[2025-10-05 13:52:42] [INFO] F10 enviado (Pause/Resume)
[2025-10-05 13:52:58] [INFO] F12 enviado (Stop)
[2025-10-05 13:53:01] [INFO] terminate() chamado
[2025-10-05 13:53:01] [INFO] Bot parado
[2025-10-05 13:53:04] [INFO] Start: C:\Users\Utilizador\Desktop\PokeBot\poke_teste\.venv\Scripts\pythonw.exe C:\Users\Utilizador\Desktop\PokeBot\poke_teste\bot_pokemon.py
[2025-10-05 13:53:05] [INFO] Bot em execução
[2025-10-05 13:53:08] [INFO] F12 enviado (Stop)
[2025-10-05 13:53:08] [INFO] Bot parado
[2025-10-05 13:59:42] [INFO] GUI a fechar
[2025-10-05 14:13:54] [INFO] GUI iniciado
[2025-10-05 14:13:55] [INFO] GUI a fechar
[2025-10-05 14:14:03] [INFO] GUI iniciado
[2025-10-05 14:14:05] [INFO] Start: C:\Users\Utilizador\Desktop\PokeBot\poke_teste\.venv\Scripts\pythonw.exe C:\Users\Utilizador\Desktop\PokeBot\poke_teste\bot_pokemon.py
[2025-10-05 14:14:06] [INFO] Bot em execução
[2025-10-05 14:14:11] [INFO] F12 enviado (Stop)
[2025-10-05 14:14:12] [INFO] Bot parado
[2025-10-05 14:14:13] [INFO] GUI a fechar
[2025-10-05 14:33:46] [INFO] GUI iniciado
[2025-10-05 14:33:48] [INFO] Start: C:\Users\Utilizador\Desktop\PokeBot\poke_teste\.venv\Scripts\pythonw.exe C:\Users\Utilizador\Desktop\PokeBot\poke_teste\bot_pokemon.py
[2025-10-05 14:33:49] [INFO] Bot em execução
[2025-10-05 14:34:04] [INFO] GUI a fechar
[2025-10-05 14:34:04] [INFO] F12 enviado (Stop)
[2025-10-05 14:34:05] [INFO] Bot parado
[2025-10-05 14:35:36] [INFO] GUI iniciado
[2025-10-05 14:35:38] [INFO] GUI a fechar
[2025-10-05 14:38:08] [INFO] GUI iniciado
[2025-10-05 14:38:09] [INFO] GUI a fechar
[2025-10-05 14:38:12] [INFO] GUI iniciado
[2025-10-05 14:38:15] [INFO] Start: C:\Users\Utilizador\Desktop\PokeBot\poke_teste\.venv\Scripts\pythonw.exe C:\Users\Utilizador\Desktop\PokeBot\poke_teste\bot_pokemon.py
[2025-10-05 14:38:16] [INFO] Bot em execução
[2025-10-05 14:38:29] [INFO] F12 enviado (Stop)
[2025-10-05 14:38:32] [INFO] Bot parado
[2025-10-05 14:42:01] [INFO] Start: C:\Users\Utilizador\Desktop\PokeBot\poke_teste\.venv\Scripts\pythonw.exe C:\Users\Utilizador\Desktop\PokeBot\poke_teste\bot_pokemon.py
[2025-10-05 14:42:02] [INFO] Bot terminou imediatamente (RC=0)
[2025-10-05 14:42:27] [INFO] Start: C:\Users\Utilizador\Desktop\PokeBot\poke_teste\.venv\Scripts\pythonw.exe C:\Users\Utilizador\Desktop\PokeBot\poke_teste\bot_pokemon.py
[2025-10-05 14:42:28] [INFO] Bot em execução
[2025-10-05 14:42:46] [INFO] F12 enviado (Stop)
[2025-10-05 14:42:49] [INFO] terminate() chamado
[2025-10-05 14:42:49] [INFO] Bot parado
[2025-10-05 14:43:11] [INFO] Start: C:\Users\Utilizador\Desktop\PokeBot\poke_teste\.venv\Scripts\pythonw.exe C:\Users\Utilizador\Desktop\PokeBot\poke_teste\bot_pokemon.py
[2025-10-05 14:43:12] [INFO] Bot terminou imediatamente (RC=1)
[2025-10-05 14:43:26] [INFO] Start: C:\Users\Utilizador\Desktop\PokeBot\poke_teste\.venv\Scripts\pythonw.exe C:\Users\Utilizador\Desktop\PokeBot\poke_teste\bot_pokemon.py
[2025-10-05 14:43:27] [INFO] Bot em execução
[2025-10-05 14:43:31] [INFO] F12 enviado (Stop)
[2025-10-05 14:43:32] [INFO] Bot parado
[2025-10-05 14:44:35] [INFO] Start: C:\Users\Utilizador\Desktop\PokeBot\poke_teste\.venv\Scripts\pythonw.exe C:\Users\Utilizador\Desktop\PokeBot\poke_teste\bot_pokemon.py
[2025-10-05 14:44:36] [INFO] Bot em execução
[2025-10-05 14:44:42] [INFO] F12 enviado (Stop)
[2025-10-05 14:44:42] [INFO] Bot parado
[2025-10-05 14:46:46] [INFO] Start: C:\Users\Utilizador\Desktop\PokeBot\poke_teste\.venv\Scripts\pythonw.exe C:\Users\Utilizador\Desktop\PokeBot\poke_teste\bot_pokemon.py
[2025-10-05 14:46:47] [INFO] Bot em execução
[2025-10-05 14:47:12] [INFO] F12 enviado (Stop)
[2025-10-05 14:47:12] [INFO] Bot parado
[2025-10-05 14:48:45] [INFO] GUI a fechar
[2025-10-05 15:13:01] [INFO] GUI iniciado
[2025-10-05 15:13:02] [INFO] GUI a fechar
[2025-10-05 15:13:50] [INFO] GUI iniciado
[2025-10-05 15:13:53] [INFO] GUI a fechar
[2025-10-05 15:14:00] [INFO] GUI iniciado
[2025-10-05 15:14:01] [INFO] GUI a fechar
[2025-10-05 15:16:24] [INFO] GUI iniciado
[2025-10-05 15:16:25] [INFO] GUI a fechar
[2025-10-05 15:22:58] [INFO] GUI iniciado
[2025-10-05 15:23:03] [INFO] Start: C:\Users\Utilizador\Desktop\PokeBot\poke_teste\.venv\Scripts\pythonw.exe C:\Users\Utilizador\Desktop\PokeBot\poke_teste\bot_pokemon.py
[2025-10-05 15:23:04] [INFO] Bot em execução
[2025-10-05 15:23:34] [INFO] F12 enviado (Stop)
[2025-10-05 15:23:35] [INFO] Bot parado
[2025-10-05 15:23:38] [INFO] GUI a fechar
[2025-10-05 15:26:28] [INFO] GUI iniciado
[2025-10-05 15:26:30] [INFO] Start: C:\Users\Utilizador\Desktop\PokeBot\poke_teste\.venv\Scripts\pythonw.exe C:\Users\Utilizador\Desktop\PokeBot\poke_teste\bot_pokemon.py
[2025-10-05 15:26:31] [INFO] Bot em execução
[2025-10-05 15:26:51] [INFO] F12 enviado (Stop)
[2025-10-05 15:26:55] [INFO] terminate() chamado
[2025-10-05 15:26:55] [INFO] Bot parado
[2025-10-05 15:30:38] [INFO] Start: C:\Users\Utilizador\Desktop\PokeBot\poke_teste\.venv\Scripts\pythonw.exe C:\Users\Utilizador\Desktop\PokeBot\poke_teste\bot_pokemon.py
[2025-10-05 15:30:39] [INFO] Bot em execução
[2025-10-05 15:30:55] [INFO] F10 enviado (Pause/Resume)
[2025-10-05 15:31:15] [INFO] Bot parado
[2025-10-05 15:31:29] [INFO] Start: C:\Users\Utilizador\Desktop\PokeBot\poke_teste\.venv\Scripts\pythonw.exe C:\Users\Utilizador\Desktop\PokeBot\poke_teste\bot_pokemon.py
[2025-10-05 15:31:30] [INFO] Bot em execução
[2025-10-05 15:31:48] [INFO] F12 enviado (Stop)
[2025-10-05 15:31:49] [INFO] Bot parado
[2025-10-05 15:32:28] [INFO] Start: C:\Users\Utilizador\Desktop\PokeBot\poke_teste\.venv\Scripts\pythonw.exe C:\Users\Utilizador\Desktop\PokeBot\poke_teste\bot_pokemon.py
[2025-10-05 15:32:29] [INFO] Bot em execução
[2025-10-05 15:32:35] [INFO] F12 enviado (Stop)
[2025-10-05 15:32:36] [INFO] Bot parado
[2025-10-05 15:36:53] [INFO] Start: C:\Users\Utilizador\Desktop\PokeBot\poke_teste\.venv\Scripts\pythonw.exe C:\Users\Utilizador\Desktop\PokeBot\poke_teste\bot_pokemon.py
[2025-10-05 15:36:54] [INFO] Bot em execução
[2025-10-05 15:37:02] [INFO] F12 enviado (Stop)
[2025-10-05 15:37:03] [INFO] Bot parado
[2025-10-05 15:45:00] [INFO] Start: C:\Users\Utilizador\Desktop\PokeBot\poke_teste\.venv\Scripts\pythonw.exe C:\Users\Utilizador\Desktop\PokeBot\poke_teste\bot_pokemon.py
[2025-10-05 15:45:01] [INFO] Bot em execução
[2025-10-05 15:45:19] [INFO] F12 enviado (Stop)
[2025-10-05 15:45:22] [INFO] Bot parado
[2025-10-05 15:45:42] [INFO] GUI a fechar
[2025-10-05 15:50:52] [INFO] GUI iniciado
[2025-10-05 15:50:53] [INFO] Start: C:\Users\Utilizador\Desktop\PokeBot\poke_teste\.venv\Scripts\pythonw.exe C:\Users\Utilizador\Desktop\PokeBot\poke_teste\bot_pokemon.py
[2025-10-05 15:50:54] [INFO] Bot em execução
[2025-10-05 15:50:57] [INFO] F12 enviado (Stop)
[2025-10-05 15:50:58] [INFO] Bot parado
[2025-10-05 15:51:21] [INFO] GUI a fechar
[2025-10-05 16:19:43] [INFO] GUI iniciado
[2025-10-05 16:19:46] [INFO] Start: C:\Users\Utilizador\Desktop\PokeBot\poke_teste\.venv\Scripts\pythonw.exe C:\Users\Utilizador\Desktop\PokeBot\poke_teste\bot_pokemon.py
[2025-10-05 16:19:47] [INFO] Bot em execução
[2025-10-05 16:19:52] [INFO] F12 enviado (Stop)
[2025-10-05 16:19:53] [INFO] Bot parado
[2025-10-05 16:20:03] [INFO] GUI a fechar
[2025-10-05 16:24:14] [INFO] GUI iniciado
[2025-10-05 16:24:16] [INFO] GUI a fechar
[2025-10-05 16:24:26] [INFO] GUI iniciado
[2025-10-05 16:24:27] [INFO] GUI a fechar
[2025-10-05 16:24:30] [INFO] GUI iniciado
[2025-10-05 16:24:33] [INFO] Start: C:\Users\Utilizador\Desktop\PokeBot\poke_teste\.venv\Scripts\pythonw.exe C:\Users\Utilizador\Desktop\PokeBot\poke_teste\bot_pokemon.py
[2025-10-05 16:24:34] [INFO] Bot em execução
[2025-10-05 16:24:36] [INFO] F12 enviado (Stop)
[2025-10-05 16:24:37] [INFO] Bot parado
[2025-10-05 16:24:38] [INFO] GUI a fechar
[2025-10-05 16:34:31] [INFO] GUI iniciado
[2025-10-05 16:34:33] [INFO] GUI a fechar
[2025-10-05 17:00:40] [INFO] GUI iniciado
[2025-10-05 17:00:52] [INFO] GUI a fechar
[2025-10-05 17:01:08] [INFO] GUI iniciado
[2025-10-05 17:01:14] [INFO] Start: C:\Users\Utilizador\Desktop\PokeBot\poke_teste\.venv\Scripts\pythonw.exe C:\Users\Utilizador\Desktop\PokeBot\poke_teste\bot_pokemon.py
[2025-10-05 17:01:15] [INFO] Bot em execução
[2025-10-05 17:01:26] [INFO] GUI a fechar
[2025-10-05 17:01:26] [INFO] F12 enviado (Stop)
[2025-10-05 17:01:26] [INFO] Bot parado
[2025-10-05 17:01:34] [INFO] GUI iniciado
[2025-10-05 17:01:39] [INFO] Start: C:\Users\Utilizador\Desktop\PokeBot\poke_teste\.venv\Scripts\pythonw.exe C:\Users\Utilizador\Desktop\PokeBot\poke_teste\bot_pokemon.py
[2025-10-05 17:01:40] [INFO] Bot em execução
[2025-10-05 17:01:42] [INFO] F12 enviado (Stop)
[2025-10-05 17:01:43] [INFO] Bot parado
[2025-10-05 17:03:57] [INFO] GUI a fechar
[2025-10-05 17:04:13] [INFO] GUI iniciado
[2025-10-05 17:04:20] [INFO] GUI a fechar
[2025-10-05 17:07:27] [INFO] GUI iniciado
[2025-10-05 17:07:29] [INFO] GUI a fechar
[2025-10-05 17:31:21] [INFO] Config recarregada
[2025-10-05 17:31:21] [INFO] GUI iniciado
[2025-10-05 17:36:49] [INFO] GUI a fechar
