15:40:03 | INFO | Tesseract: C:\Program Files\Tesseract-OCR\tesseract.EXE
15:40:03 | INFO | CAP_WIN=(3948, 684, 348, 265) NAME_ROI=(3394, 136, 532, 50) UNION=(3394, 136, 902, 813)
15:40:03 | INFO | [Setup] Ativar mount com tecla '1'
15:40:12 | INFO | PAUSADO
15:41:48 | INFO | Template guardado: templates\battle\default.png
15:41:49 | INFO | [BATTLE TEST] score=1.000 thr=0.9
15:41:51 | INFO | RETOMADO
15:41:53 | INFO | [ENCOUNTER] Alvo: 'primeape'
15:42:05 | INFO | [CATCH] Batalha continua. Repetir combo de captura (1/5).
15:42:14 | INFO | [CATCH] Batalha continua. Repetir combo de captura (2/5).
15:42:23 | INFO | [CATCH] Batalha continua. Repetir combo de captura (3/5).
15:42:26 | INFO | PAUSADO
15:42:31 | INFO | [CATCH] Batalha continua. Repetir combo de captura (4/5).
15:42:40 | INFO | [CATCH] Batalha continua. Repetir combo de captura (5/5).
15:42:41 | INFO | RETOMADO
15:42:46 | INFO | PAUSADO
15:42:48 | INFO | [RESOLVE] Batalha terminou — regressar a PATROL.
15:43:02 | INFO | RETOMADO
15:43:02 | INFO | [ENCOUNTER] Alvo: 'primeape'
15:43:15 | INFO | [CATCH] Batalha continua. Repetir combo de captura (1/5).
15:43:23 | INFO | [CATCH] Batalha continua. Repetir combo de captura (2/5).
15:43:27 | INFO | PAUSADO
15:43:32 | INFO | [CATCH] Batalha continua. Repetir combo de captura (3/5).
15:43:37 | INFO | Saída solicitada.
